                                 Started job on |	Nov 11 11:24:53
                             Started mapping on |	Nov 11 11:25:09
                                    Finished on |	Nov 11 11:25:57
       Mapping speed, Million of reads per hour |	43.69

                          Number of input reads |	582525
                      Average input read length |	73
                                    UNIQUE READS:
                   Uniquely mapped reads number |	581223
                        Uniquely mapped reads % |	99.78%
                          Average mapped length |	73.57
                       Number of splices: Total |	136974
            Number of splices: Annotated (sjdb) |	135254
                       Number of splices: GT/AG |	136501
                       Number of splices: GC/AG |	302
                       Number of splices: AT/AC |	17
               Number of splices: Non-canonical |	154
                      Mismatch rate per base, % |	0.25%
                         Deletion rate per base |	0.01%
                        Deletion average length |	1.53
                        Insertion rate per base |	0.00%
                       Insertion average length |	1.19
                             MULTI-MAPPING READS:
        Number of reads mapped to multiple loci |	1250
             % of reads mapped to multiple loci |	0.21%
        Number of reads mapped to too many loci |	19
             % of reads mapped to too many loci |	0.00%
                                  UNMAPPED READS:
  Number of reads unmapped: too many mismatches |	0
       % of reads unmapped: too many mismatches |	0.00%
            Number of reads unmapped: too short |	31
                 % of reads unmapped: too short |	0.01%
                Number of reads unmapped: other |	2
                     % of reads unmapped: other |	0.00%
                                  CHIMERIC READS:
                       Number of chimeric reads |	0
                            % of chimeric reads |	0.00%
