[2019-11-11 11:30:38,452] multiqc                                            [DEBUG  ]  No MultiQC config found: /opt/conda/lib/python3.6/site-packages/multiqc_config.yaml
[2019-11-11 11:30:38,454] multiqc                                            [DEBUG  ]  No MultiQC config found: /home/rstudio/.multiqc_config.yaml
[2019-11-11 11:30:38,455] multiqc                                            [DEBUG  ]  No MultiQC config found: multiqc_config.yaml
[2019-11-11 11:30:38,456] multiqc                                            [DEBUG  ]  Command used: /opt/conda/bin/multiqc example_dataset/output/FastQC example_dataset/output/salmon example_dataset/output/FASTQtrimmed example_dataset/output/STAR -f -o example_dataset/output/MultiQC
[2019-11-11 11:30:38,881] multiqc                                            [DEBUG  ]  Latest MultiQC version is v1.7
[2019-11-11 11:30:38,881] multiqc                                            [INFO   ]  This is MultiQC v1.7
[2019-11-11 11:30:38,881] multiqc                                            [DEBUG  ]  Command     : /opt/conda/bin/multiqc example_dataset/output/FastQC example_dataset/output/salmon example_dataset/output/FASTQtrimmed example_dataset/output/STAR -f -o example_dataset/output/MultiQC
[2019-11-11 11:30:38,881] multiqc                                            [DEBUG  ]  Working dir : /home/rstudio/ARMOR
[2019-11-11 11:30:38,882] multiqc                                            [INFO   ]  Template    : default
[2019-11-11 11:30:38,883] multiqc                                            [INFO   ]  Searching 'example_dataset/output/FastQC'
[2019-11-11 11:30:38,883] multiqc                                            [INFO   ]  Searching 'example_dataset/output/salmon'
[2019-11-11 11:30:38,884] multiqc                                            [INFO   ]  Searching 'example_dataset/output/FASTQtrimmed'
[2019-11-11 11:30:38,884] multiqc                                            [INFO   ]  Searching 'example_dataset/output/STAR'
[2019-11-11 11:30:38,885] multiqc                                            [DEBUG  ]  Analysing modules: custom_content, conpair, peddy, methylQA, phantompeakqualtools, qualimap, preseq, quast, qorts, rna_seqc, rsem, rseqc, busco, goleft_indexcov, disambiguate, supernova, deeptools, sargasso, verifybamid, mirtrace, happy, homer, macs2, theta2, snpeff, gatk, htseq, bcftools, featureCounts, dedup, damageprofiler, picard, prokka, samblaster, samtools, bamtools, jellyfish, vcftools, longranger, stacks, bbmap, bismark, biscuit, hicexplorer, hicup, hicpro, salmon, kallisto, slamdunk, star, hisat2, tophat, bowtie2, bowtie1, kat, leehom, adapterRemoval, clipandmerge, cutadapt, flexbar, trimmomatic, skewer, sortmerna, biobloomtools, fastq_screen, afterqc, fastp, fastqc, minionqc, clusterflow, bcl2fastq, interop, flash
[2019-11-11 11:30:38,886] multiqc                                            [DEBUG  ]  Using temporary directory for creating report: /tmp/tmpn7ad_eey
[2019-11-11 11:30:39,022] multiqc                                            [DEBUG  ]  Ignoring file as matched an ignore pattern: WT-unstim-2_R1_fastqc.html
[2019-11-11 11:30:39,023] multiqc                                            [DEBUG  ]  Ignoring file as matched an ignore pattern: WT-Chir-1_R1_trimmed_fastqc.html
[2019-11-11 11:30:39,023] multiqc                                            [DEBUG  ]  Ignoring file as matched an ignore pattern: WT-Chir-2_R1_trimmed_fastqc.html
[2019-11-11 11:30:39,041] multiqc                                            [DEBUG  ]  Ignoring file as matched an ignore pattern: WT-Chir-3_R1_trimmed_fastqc.html
[2019-11-11 11:30:39,043] multiqc                                            [DEBUG  ]  Ignoring file as matched an ignore pattern: WT-unstim-1_R1_trimmed_fastqc.html
[2019-11-11 11:30:39,043] multiqc                                            [DEBUG  ]  Ignoring file as matched an ignore pattern: WT-Chir-1_R1_fastqc.html
[2019-11-11 11:30:39,044] multiqc                                            [DEBUG  ]  Ignoring file as matched an ignore pattern: WT-Chir-2_R1_fastqc.html
[2019-11-11 11:30:39,044] multiqc                                            [DEBUG  ]  Ignoring file as matched an ignore pattern: WT-unstim-3_R1_trimmed_fastqc.html
[2019-11-11 11:30:39,045] multiqc                                            [DEBUG  ]  Ignoring file as matched an ignore pattern: WT-unstim-2_R1_trimmed_fastqc.html
[2019-11-11 11:30:39,045] multiqc                                            [DEBUG  ]  Ignoring file as matched an ignore pattern: WT-Chir-3_R1_fastqc.html
[2019-11-11 11:30:39,045] multiqc                                            [DEBUG  ]  Ignoring file as matched an ignore pattern: WT-unstim-3_R1_fastqc.html
[2019-11-11 11:30:39,046] multiqc                                            [DEBUG  ]  Ignoring file as matched an ignore pattern: WT-unstim-1_R1_fastqc.html
[2019-11-11 11:30:42,318] multiqc                                            [DEBUG  ]  Ignoring file as matched an ignore pattern: WT-Chir-2_R1_trimmed.fq.gz
[2019-11-11 11:30:42,318] multiqc                                            [DEBUG  ]  Ignoring file as matched an ignore pattern: WT-Chir-1_R1_trimmed.fq.gz
[2019-11-11 11:30:42,319] multiqc                                            [DEBUG  ]  Ignoring file as matched an ignore pattern: WT-Chir-3_R1_trimmed.fq.gz
[2019-11-11 11:30:42,371] multiqc                                            [DEBUG  ]  Ignoring file as matched an ignore pattern: WT-unstim-3_R1_trimmed.fq.gz
[2019-11-11 11:30:42,392] multiqc                                            [DEBUG  ]  Ignoring file as matched an ignore pattern: WT-unstim-2_R1_trimmed.fq.gz
[2019-11-11 11:30:42,411] multiqc                                            [DEBUG  ]  Ignoring file as matched an ignore pattern: WT-unstim-1_R1_trimmed.fq.gz
[2019-11-11 11:30:42,411] multiqc                                            [DEBUG  ]  Ignoring file as matched an ignore pattern: WT-Chir-3_R1_Aligned.sortedByCoord.out.bam
[2019-11-11 11:30:42,696] multiqc                                            [DEBUG  ]  Ignoring file as matched an ignore pattern: WT-Chir-3_R1_Aligned.sortedByCoord.out.bam.bai
[2019-11-11 11:30:42,749] multiqc                                            [DEBUG  ]  Ignoring file as matched an ignore pattern: WT-unstim-3_R1_Aligned.sortedByCoord.out.bam.bai
[2019-11-11 11:30:42,960] multiqc                                            [DEBUG  ]  Ignoring file as matched an ignore pattern: WT-unstim-3_R1_Aligned.sortedByCoord.out.bam
[2019-11-11 11:30:43,241] multiqc                                            [DEBUG  ]  Ignoring file as matched an ignore pattern: WT-Chir-2_R1_Aligned.sortedByCoord.out.bam.bai
[2019-11-11 11:30:43,243] multiqc                                            [DEBUG  ]  Ignoring file as matched an ignore pattern: WT-Chir-2_R1_Aligned.sortedByCoord.out.bam
[2019-11-11 11:30:43,264] multiqc                                            [DEBUG  ]  Ignoring file as matched an ignore pattern: WT-unstim-1_R1_Aligned.sortedByCoord.out.bam.bai
[2019-11-11 11:30:43,530] multiqc                                            [DEBUG  ]  Ignoring file as matched an ignore pattern: WT-unstim-1_R1_Aligned.sortedByCoord.out.bam
[2019-11-11 11:30:43,813] multiqc                                            [DEBUG  ]  Ignoring file as matched an ignore pattern: WT-unstim-2_R1_Aligned.sortedByCoord.out.bam
[2019-11-11 11:30:43,827] multiqc                                            [DEBUG  ]  Ignoring file as matched an ignore pattern: WT-unstim-2_R1_Aligned.sortedByCoord.out.bam.bai
[2019-11-11 11:30:44,083] multiqc                                            [DEBUG  ]  Ignoring file as matched an ignore pattern: WT-Chir-1_R1_Aligned.sortedByCoord.out.bam.bai
[2019-11-11 11:30:44,086] multiqc                                            [DEBUG  ]  Ignoring file as matched an ignore pattern: WT-Chir-1_R1_Aligned.sortedByCoord.out.bam
[2019-11-11 11:30:44,652] multiqc                                            [DEBUG  ]  No samples found: custom_content
[2019-11-11 11:30:44,659] multiqc                                            [DEBUG  ]  No samples found: conpair
[2019-11-11 11:30:44,666] multiqc                                            [DEBUG  ]  No samples found: peddy
[2019-11-11 11:30:44,674] multiqc                                            [DEBUG  ]  No samples found: methylQA
[2019-11-11 11:30:44,682] multiqc                                            [DEBUG  ]  No samples found: phantompeakqualtools
[2019-11-11 11:30:44,691] multiqc                                            [DEBUG  ]  No samples found: qualimap
[2019-11-11 11:30:44,700] multiqc                                            [DEBUG  ]  No samples found: preseq
[2019-11-11 11:30:44,711] multiqc                                            [DEBUG  ]  No samples found: quast
[2019-11-11 11:30:44,720] multiqc                                            [DEBUG  ]  No samples found: qorts
[2019-11-11 11:30:44,727] multiqc                                            [DEBUG  ]  No samples found: rna_seqc
[2019-11-11 11:30:44,734] multiqc                                            [DEBUG  ]  No samples found: rsem
[2019-11-11 11:30:44,747] multiqc                                            [DEBUG  ]  No samples found: rseqc
[2019-11-11 11:30:44,754] multiqc                                            [DEBUG  ]  No samples found: busco
[2019-11-11 11:30:44,760] multiqc                                            [DEBUG  ]  No samples found: goleft_indexcov
[2019-11-11 11:30:44,766] multiqc                                            [DEBUG  ]  No samples found: disambiguate
[2019-11-11 11:30:44,775] multiqc                                            [DEBUG  ]  No samples found: supernova
[2019-11-11 11:30:44,794] multiqc                                            [DEBUG  ]  No samples found: deeptools
[2019-11-11 11:30:44,804] multiqc                                            [DEBUG  ]  No samples found: sargasso
[2019-11-11 11:30:44,811] multiqc                                            [DEBUG  ]  No samples found: verifybamid
[2019-11-11 11:30:44,818] multiqc                                            [DEBUG  ]  No samples found: mirtrace
[2019-11-11 11:30:44,825] multiqc                                            [DEBUG  ]  No samples found: happy
[2019-11-11 11:30:44,834] multiqc                                            [DEBUG  ]  No samples found: homer
[2019-11-11 11:30:44,841] multiqc                                            [DEBUG  ]  No samples found: macs2
[2019-11-11 11:30:44,850] multiqc                                            [DEBUG  ]  No samples found: theta2
[2019-11-11 11:30:44,859] multiqc                                            [DEBUG  ]  No samples found: snpeff
[2019-11-11 11:30:44,869] multiqc                                            [DEBUG  ]  No samples found: gatk
[2019-11-11 11:30:44,878] multiqc                                            [DEBUG  ]  No samples found: htseq
[2019-11-11 11:30:44,885] multiqc                                            [DEBUG  ]  No samples found: bcftools
[2019-11-11 11:30:44,893] multiqc                                            [DEBUG  ]  No samples found: featureCounts
[2019-11-11 11:30:44,899] multiqc                                            [DEBUG  ]  No samples found: dedup
[2019-11-11 11:30:44,907] multiqc                                            [DEBUG  ]  No samples found: damageprofiler
[2019-11-11 11:30:44,924] multiqc                                            [DEBUG  ]  No samples found: picard
[2019-11-11 11:30:44,934] multiqc                                            [DEBUG  ]  No samples found: prokka
[2019-11-11 11:30:44,941] multiqc                                            [DEBUG  ]  No samples found: samblaster
[2019-11-11 11:30:44,952] multiqc                                            [DEBUG  ]  No samples found: samtools
[2019-11-11 11:30:44,959] multiqc                                            [DEBUG  ]  No samples found: bamtools
[2019-11-11 11:30:44,965] multiqc                                            [DEBUG  ]  No samples found: jellyfish
[2019-11-11 11:30:44,976] multiqc                                            [DEBUG  ]  No samples found: vcftools
[2019-11-11 11:30:44,987] multiqc                                            [DEBUG  ]  No samples found: longranger
[2019-11-11 11:30:44,995] multiqc                                            [DEBUG  ]  No samples found: stacks
[2019-11-11 11:30:45,015] multiqc                                            [DEBUG  ]  No samples found: bbmap
[2019-11-11 11:30:45,022] multiqc                                            [DEBUG  ]  No samples found: bismark
[2019-11-11 11:30:45,030] multiqc                                            [DEBUG  ]  No samples found: biscuit
[2019-11-11 11:30:45,037] multiqc                                            [DEBUG  ]  No samples found: hicexplorer
[2019-11-11 11:30:45,044] multiqc                                            [DEBUG  ]  No samples found: hicup
[2019-11-11 11:30:45,050] multiqc                                            [DEBUG  ]  No samples found: hicpro
[2019-11-11 11:30:45,065] multiqc.modules.salmon.salmon                      [INFO   ]  Found 6 meta reports
[2019-11-11 11:30:45,066] multiqc.modules.salmon.salmon                      [INFO   ]  Found 6 fragment length distributions
[2019-11-11 11:30:45,097] multiqc                                            [DEBUG  ]  No samples found: kallisto
[2019-11-11 11:30:45,113] multiqc                                            [DEBUG  ]  No samples found: slamdunk
[2019-11-11 11:30:45,136] multiqc.modules.star.star                          [INFO   ]  Found 6 reports
[2019-11-11 11:30:45,153] multiqc                                            [DEBUG  ]  No samples found: hisat2
[2019-11-11 11:30:45,164] multiqc                                            [DEBUG  ]  No samples found: tophat
[2019-11-11 11:30:45,171] multiqc                                            [DEBUG  ]  No samples found: bowtie2
[2019-11-11 11:30:45,180] multiqc                                            [DEBUG  ]  No samples found: bowtie1
[2019-11-11 11:30:45,188] multiqc                                            [DEBUG  ]  No samples found: kat
[2019-11-11 11:30:45,195] multiqc                                            [DEBUG  ]  No samples found: leehom
[2019-11-11 11:30:45,208] multiqc                                            [DEBUG  ]  No samples found: adapterRemoval
[2019-11-11 11:30:45,214] multiqc                                            [DEBUG  ]  No samples found: clipandmerge
[2019-11-11 11:30:45,236] multiqc.modules.cutadapt.cutadapt                  [INFO   ]  Found 6 reports
[2019-11-11 11:30:45,256] multiqc                                            [DEBUG  ]  No samples found: flexbar
[2019-11-11 11:30:45,262] multiqc                                            [DEBUG  ]  No samples found: trimmomatic
[2019-11-11 11:30:45,268] multiqc                                            [DEBUG  ]  No samples found: skewer
[2019-11-11 11:30:45,276] multiqc                                            [DEBUG  ]  No samples found: sortmerna
[2019-11-11 11:30:45,286] multiqc                                            [DEBUG  ]  No samples found: biobloomtools
[2019-11-11 11:30:45,292] multiqc                                            [DEBUG  ]  No samples found: fastq_screen
[2019-11-11 11:30:45,303] multiqc                                            [DEBUG  ]  No samples found: afterqc
[2019-11-11 11:30:45,313] multiqc                                            [DEBUG  ]  No samples found: fastp
[2019-11-11 11:30:46,275] multiqc.modules.fastqc.fastqc                      [DEBUG  ]  Duplicate sample name found! Overwriting: WT-unstim-3_R1
[2019-11-11 11:30:46,466] multiqc.modules.fastqc.fastqc                      [DEBUG  ]  Duplicate sample name found! Overwriting: WT-unstim-2_R1
[2019-11-11 11:30:46,861] multiqc.modules.fastqc.fastqc                      [DEBUG  ]  Skipping 'WT-Chir-1_R1_fastqc.zip' as already parsed 'WT-Chir-1_R1'
[2019-11-11 11:30:46,861] multiqc.modules.fastqc.fastqc                      [DEBUG  ]  Skipping 'WT-unstim-1_R1_fastqc.zip' as already parsed 'WT-unstim-1_R1'
[2019-11-11 11:30:46,861] multiqc.modules.fastqc.fastqc                      [DEBUG  ]  Skipping 'WT-Chir-2_R1_fastqc.zip' as already parsed 'WT-Chir-2_R1'
[2019-11-11 11:30:46,905] multiqc.modules.fastqc.fastqc                      [DEBUG  ]  Duplicate sample name found! Overwriting: WT-Chir-3_R1
[2019-11-11 11:30:47,106] multiqc.modules.fastqc.fastqc                      [INFO   ]  Found 6 reports
[2019-11-11 11:30:47,366] multiqc                                            [DEBUG  ]  No samples found: minionqc
[2019-11-11 11:30:47,373] multiqc                                            [DEBUG  ]  No samples found: clusterflow
[2019-11-11 11:30:47,380] multiqc                                            [DEBUG  ]  No samples found: bcl2fastq
[2019-11-11 11:30:47,386] multiqc                                            [DEBUG  ]  No samples found: interop
[2019-11-11 11:30:47,392] multiqc                                            [DEBUG  ]  No samples found: flash
[2019-11-11 11:30:47,422] multiqc                                            [INFO   ]  Compressing plot data
[2019-11-11 11:30:47,732] multiqc                                            [INFO   ]  Report      : example_dataset/output/MultiQC/multiqc_report.html
[2019-11-11 11:30:47,732] multiqc                                            [INFO   ]  Data        : example_dataset/output/MultiQC/multiqc_data
[2019-11-11 11:30:47,732] multiqc                                            [DEBUG  ]  Moving data file from '/tmp/tmpn7ad_eey/multiqc_data/multiqc_data.json' to 'example_dataset/output/MultiQC/multiqc_data'
[2019-11-11 11:30:47,735] multiqc                                            [DEBUG  ]  Moving data file from '/tmp/tmpn7ad_eey/multiqc_data/multiqc_general_stats.txt' to 'example_dataset/output/MultiQC/multiqc_data'
[2019-11-11 11:30:47,736] multiqc                                            [DEBUG  ]  Moving data file from '/tmp/tmpn7ad_eey/multiqc_data/multiqc_cutadapt.txt' to 'example_dataset/output/MultiQC/multiqc_data'
[2019-11-11 11:30:47,738] multiqc                                            [DEBUG  ]  Moving data file from '/tmp/tmpn7ad_eey/multiqc_data/multiqc_sources.txt' to 'example_dataset/output/MultiQC/multiqc_data'
[2019-11-11 11:30:47,739] multiqc                                            [DEBUG  ]  Moving data file from '/tmp/tmpn7ad_eey/multiqc_data/multiqc_salmon.txt' to 'example_dataset/output/MultiQC/multiqc_data'
[2019-11-11 11:30:47,740] multiqc                                            [DEBUG  ]  Moving data file from '/tmp/tmpn7ad_eey/multiqc_data/multiqc_star.txt' to 'example_dataset/output/MultiQC/multiqc_data'
[2019-11-11 11:30:47,742] multiqc                                            [DEBUG  ]  Moving data file from '/tmp/tmpn7ad_eey/multiqc_data/multiqc_fastqc.txt' to 'example_dataset/output/MultiQC/multiqc_data'
[2019-11-11 11:30:47,993] multiqc                                            [INFO   ]  MultiQC complete
